  Player.cpp
C:\Users\theod\Documents\GitHub\LearningCpp\RayLib\SmallProjects\Snake\Player.cpp(16,7): warning C4244: 'argument': conversion from 'double' to 'float', possible loss of data
C:\Users\theod\Documents\GitHub\LearningCpp\RayLib\SmallProjects\Snake\Player.cpp(21,42): warning C4244: 'argument': conversion from 'float' to 'int', possible loss of data
C:\Users\theod\Documents\GitHub\LearningCpp\RayLib\SmallProjects\Snake\Player.cpp(21,24): warning C4244: 'argument': conversion from 'float' to 'int', possible loss of data
C:\Users\theod\Documents\GitHub\LearningCpp\RayLib\SmallProjects\Snake\Player.cpp(22,5): warning C4102: 'std': unreferenced label
  Snake.cpp
  Tail.cpp
C:\Users\theod\Documents\GitHub\LearningCpp\RayLib\SmallProjects\Snake\Tail.cpp(27,40): warning C4244: 'argument': conversion from 'float' to 'int', possible loss of data
C:\Users\theod\Documents\GitHub\LearningCpp\RayLib\SmallProjects\Snake\Tail.cpp(27,24): warning C4244: 'argument': conversion from 'float' to 'int', possible loss of data
C:\Users\theod\Documents\GitHub\LearningCpp\RayLib\SmallProjects\Snake\Tail.cpp(26,5): warning C4102: 'std': unreferenced label
  Generating Code...
Player.obj : error LNK2019: unresolved external symbol IsKeyPressed referenced in function "protected: void __cdecl Player::Input(void)" (?Input@Player@@IEAAXXZ)
Player.obj : error LNK2019: unresolved external symbol IsKeyDown referenced in function "protected: void __cdecl Player::Input(void)" (?Input@Player@@IEAAXXZ)
Player.obj : error LNK2019: unresolved external symbol DrawRectangle referenced in function "public: void __cdecl Player::Draw(void)" (?Draw@Player@@QEAAXXZ)
Tail.obj : error LNK2001: unresolved external symbol DrawRectangle
Snake.obj : error LNK2019: unresolved external symbol InitWindow referenced in function main
Snake.obj : error LNK2019: unresolved external symbol WindowShouldClose referenced in function main
Snake.obj : error LNK2019: unresolved external symbol ClearBackground referenced in function main
Snake.obj : error LNK2019: unresolved external symbol BeginDrawing referenced in function main
Snake.obj : error LNK2019: unresolved external symbol EndDrawing referenced in function main
Snake.obj : error LNK2019: unresolved external symbol SetTargetFPS referenced in function main
C:\Users\theod\Documents\GitHub\LearningCpp\RayLib\SmallProjects\x64\Debug\Snake.exe : fatal error LNK1120: 9 unresolved externals
